2025-08-03T01:28:21.613304Z  INFO tailwindcss_oxide::scanner: Provided sources:
2025-08-03T01:28:21.613560Z  INFO tailwindcss_oxide::scanner: Source: PublicSourceEntry { base: "/Users/lucas/Documents/Comp Sci Stuff/WDCCxSESA-hackathon-25", pattern: "**/*", negated: false }
2025-08-03T01:28:21.613893Z  INFO tailwindcss_oxide::scanner: Optimized sources:
2025-08-03T01:28:21.613915Z  INFO tailwindcss_oxide::scanner: Source: Auto { base: "/Users/lucas/Documents/Comp Sci Stuff/WDCCxSESA-hackathon-25" }
2025-08-03T01:28:21.617102Z  INFO scan_sources: tailwindcss_oxide::scanner: enter
2025-08-03T01:28:21.618702Z  INFO scan_sources: tailwindcss_oxide::scanner: Discovering "/Users/lucas/Documents/Comp Sci Stuff/WDCCxSESA-hackathon-25/postcss.config.mjs"
2025-08-03T01:28:21.618797Z  INFO scan_sources: tailwindcss_oxide::scanner: Discovering "/Users/lucas/Documents/Comp Sci Stuff/WDCCxSESA-hackathon-25/db.js"
2025-08-03T01:28:21.619092Z  INFO scan_sources: tailwindcss_oxide::scanner: Discovering "/Users/lucas/Documents/Comp Sci Stuff/WDCCxSESA-hackathon-25/models"
2025-08-03T01:28:21.619149Z  INFO scan_sources: tailwindcss_oxide::scanner: Discovering "/Users/lucas/Documents/Comp Sci Stuff/WDCCxSESA-hackathon-25/models/Quests.js"
2025-08-03T01:28:21.619166Z  INFO scan_sources: tailwindcss_oxide::scanner: Discovering "/Users/lucas/Documents/Comp Sci Stuff/WDCCxSESA-hackathon-25/models/ShopItem.js"
2025-08-03T01:28:21.619179Z  INFO scan_sources: tailwindcss_oxide::scanner: Discovering "/Users/lucas/Documents/Comp Sci Stuff/WDCCxSESA-hackathon-25/models/Post.js"
2025-08-03T01:28:21.619194Z  INFO scan_sources: tailwindcss_oxide::scanner: Discovering "/Users/lucas/Documents/Comp Sci Stuff/WDCCxSESA-hackathon-25/models/Parents.js"
2025-08-03T01:28:21.619383Z  INFO scan_sources: tailwindcss_oxide::scanner: Discovering "/Users/lucas/Documents/Comp Sci Stuff/WDCCxSESA-hackathon-25/README.md"
2025-08-03T01:28:21.619424Z  INFO scan_sources: tailwindcss_oxide::scanner: Discovering "/Users/lucas/Documents/Comp Sci Stuff/WDCCxSESA-hackathon-25/public"
2025-08-03T01:28:21.619470Z  INFO scan_sources: tailwindcss_oxide::scanner: Discovering "/Users/lucas/Documents/Comp Sci Stuff/WDCCxSESA-hackathon-25/public/assets"
2025-08-03T01:28:21.619538Z  INFO scan_sources: tailwindcss_oxide::scanner: Discovering "/Users/lucas/Documents/Comp Sci Stuff/WDCCxSESA-hackathon-25/package.json"
2025-08-03T01:28:21.619551Z  INFO scan_sources: tailwindcss_oxide::scanner: Discovering "/Users/lucas/Documents/Comp Sci Stuff/WDCCxSESA-hackathon-25/tsconfig.json"
2025-08-03T01:28:21.619599Z  INFO scan_sources: tailwindcss_oxide::scanner: Discovering "/Users/lucas/Documents/Comp Sci Stuff/WDCCxSESA-hackathon-25/eslint.config.mjs"
2025-08-03T01:28:21.619611Z  INFO scan_sources: tailwindcss_oxide::scanner: Discovering "/Users/lucas/Documents/Comp Sci Stuff/WDCCxSESA-hackathon-25/next.config.ts"
2025-08-03T01:28:21.619623Z  INFO scan_sources: tailwindcss_oxide::scanner: Discovering "/Users/lucas/Documents/Comp Sci Stuff/WDCCxSESA-hackathon-25/pnpm-workspace.yaml"
2025-08-03T01:28:21.619649Z  INFO scan_sources: tailwindcss_oxide::scanner: Discovering "/Users/lucas/Documents/Comp Sci Stuff/WDCCxSESA-hackathon-25/src"
2025-08-03T01:28:21.619686Z  INFO scan_sources: tailwindcss_oxide::scanner: Discovering "/Users/lucas/Documents/Comp Sci Stuff/WDCCxSESA-hackathon-25/src/app"
2025-08-03T01:28:21.619725Z  INFO scan_sources: tailwindcss_oxide::scanner: Discovering "/Users/lucas/Documents/Comp Sci Stuff/WDCCxSESA-hackathon-25/src/app/Parents"
2025-08-03T01:28:21.619781Z  INFO scan_sources: tailwindcss_oxide::scanner: Discovering "/Users/lucas/Documents/Comp Sci Stuff/WDCCxSESA-hackathon-25/src/app/Parents/HomePage"
2025-08-03T01:28:21.619807Z  INFO scan_sources: tailwindcss_oxide::scanner: Discovering "/Users/lucas/Documents/Comp Sci Stuff/WDCCxSESA-hackathon-25/src/app/Parents/HomePage/page.tsx"
2025-08-03T01:28:21.619835Z  INFO scan_sources: tailwindcss_oxide::scanner: Discovering "/Users/lucas/Documents/Comp Sci Stuff/WDCCxSESA-hackathon-25/src/app/Parents/ShopPage"
2025-08-03T01:28:21.619858Z  INFO scan_sources: tailwindcss_oxide::scanner: Discovering "/Users/lucas/Documents/Comp Sci Stuff/WDCCxSESA-hackathon-25/src/app/Parents/ShopPage/page.tsx"
2025-08-03T01:28:21.619893Z  INFO scan_sources: tailwindcss_oxide::scanner: Discovering "/Users/lucas/Documents/Comp Sci Stuff/WDCCxSESA-hackathon-25/src/app/Parents/QuestPage"
2025-08-03T01:28:21.619915Z  INFO scan_sources: tailwindcss_oxide::scanner: Discovering "/Users/lucas/Documents/Comp Sci Stuff/WDCCxSESA-hackathon-25/src/app/Parents/QuestPage/page.tsx"
2025-08-03T01:28:21.619928Z  INFO scan_sources: tailwindcss_oxide::scanner: Discovering "/Users/lucas/Documents/Comp Sci Stuff/WDCCxSESA-hackathon-25/src/app/Parents/layout.tsx"
2025-08-03T01:28:21.619952Z  INFO scan_sources: tailwindcss_oxide::scanner: Discovering "/Users/lucas/Documents/Comp Sci Stuff/WDCCxSESA-hackathon-25/src/app/Parents/ProfilePage"
2025-08-03T01:28:21.619974Z  INFO scan_sources: tailwindcss_oxide::scanner: Discovering "/Users/lucas/Documents/Comp Sci Stuff/WDCCxSESA-hackathon-25/src/app/Parents/ProfilePage/page.tsx"
2025-08-03T01:28:21.619995Z  INFO scan_sources: tailwindcss_oxide::scanner: Discovering "/Users/lucas/Documents/Comp Sci Stuff/WDCCxSESA-hackathon-25/src/app/Components"
2025-08-03T01:28:21.620026Z  INFO scan_sources: tailwindcss_oxide::scanner: Discovering "/Users/lucas/Documents/Comp Sci Stuff/WDCCxSESA-hackathon-25/src/app/Components/KidsHeader.tsx"
2025-08-03T01:28:21.620038Z  INFO scan_sources: tailwindcss_oxide::scanner: Discovering "/Users/lucas/Documents/Comp Sci Stuff/WDCCxSESA-hackathon-25/src/app/Components/ParentShopItem.tsx"
2025-08-03T01:28:21.620049Z  INFO scan_sources: tailwindcss_oxide::scanner: Discovering "/Users/lucas/Documents/Comp Sci Stuff/WDCCxSESA-hackathon-25/src/app/Components/KidItem.tsx"
2025-08-03T01:28:21.620059Z  INFO scan_sources: tailwindcss_oxide::scanner: Discovering "/Users/lucas/Documents/Comp Sci Stuff/WDCCxSESA-hackathon-25/src/app/Components/QuestContainer.tsx"
2025-08-03T01:28:21.620069Z  INFO scan_sources: tailwindcss_oxide::scanner: Discovering "/Users/lucas/Documents/Comp Sci Stuff/WDCCxSESA-hackathon-25/src/app/Components/UserProfile.tsx"
2025-08-03T01:28:21.620080Z  INFO scan_sources: tailwindcss_oxide::scanner: Discovering "/Users/lucas/Documents/Comp Sci Stuff/WDCCxSESA-hackathon-25/src/app/Components/ParentNavbar.tsx"
2025-08-03T01:28:21.620095Z  INFO scan_sources: tailwindcss_oxide::scanner: Discovering "/Users/lucas/Documents/Comp Sci Stuff/WDCCxSESA-hackathon-25/src/app/Components/exampleComponent.tsx"
2025-08-03T01:28:21.620105Z  INFO scan_sources: tailwindcss_oxide::scanner: Discovering "/Users/lucas/Documents/Comp Sci Stuff/WDCCxSESA-hackathon-25/src/app/Components/ShopStateContext.tsx"
2025-08-03T01:28:21.620115Z  INFO scan_sources: tailwindcss_oxide::scanner: Discovering "/Users/lucas/Documents/Comp Sci Stuff/WDCCxSESA-hackathon-25/src/app/Components/ConditionalLayout.tsx"
2025-08-03T01:28:21.620126Z  INFO scan_sources: tailwindcss_oxide::scanner: Discovering "/Users/lucas/Documents/Comp Sci Stuff/WDCCxSESA-hackathon-25/src/app/Components/NotificationContainer.tsx"
2025-08-03T01:28:21.620136Z  INFO scan_sources: tailwindcss_oxide::scanner: Discovering "/Users/lucas/Documents/Comp Sci Stuff/WDCCxSESA-hackathon-25/src/app/Components/LoginKids.tsx"
2025-08-03T01:28:21.620149Z  INFO scan_sources: tailwindcss_oxide::scanner: Discovering "/Users/lucas/Documents/Comp Sci Stuff/WDCCxSESA-hackathon-25/src/app/Components/ParentHeader.tsx"
2025-08-03T01:28:21.620159Z  INFO scan_sources: tailwindcss_oxide::scanner: Discovering "/Users/lucas/Documents/Comp Sci Stuff/WDCCxSESA-hackathon-25/src/app/Components/KidsNavbar.tsx"
2025-08-03T01:28:21.620168Z  INFO scan_sources: tailwindcss_oxide::scanner: Discovering "/Users/lucas/Documents/Comp Sci Stuff/WDCCxSESA-hackathon-25/src/app/Components/ParentUserProfile.tsx"
2025-08-03T01:28:21.620180Z  INFO scan_sources: tailwindcss_oxide::scanner: Discovering "/Users/lucas/Documents/Comp Sci Stuff/WDCCxSESA-hackathon-25/src/app/Components/ShopItemContainer.tsx"
2025-08-03T01:28:21.620189Z  INFO scan_sources: tailwindcss_oxide::scanner: Discovering "/Users/lucas/Documents/Comp Sci Stuff/WDCCxSESA-hackathon-25/src/app/Components/Notification.tsx"
2025-08-03T01:28:21.620205Z  INFO scan_sources: tailwindcss_oxide::scanner: Discovering "/Users/lucas/Documents/Comp Sci Stuff/WDCCxSESA-hackathon-25/src/app/Components/QuestItem.tsx"
2025-08-03T01:28:21.620231Z  INFO scan_sources: tailwindcss_oxide::scanner: Discovering "/Users/lucas/Documents/Comp Sci Stuff/WDCCxSESA-hackathon-25/src/app/api"
2025-08-03T01:28:21.620266Z  INFO scan_sources: tailwindcss_oxide::scanner: Discovering "/Users/lucas/Documents/Comp Sci Stuff/WDCCxSESA-hackathon-25/src/app/api/quests"
2025-08-03T01:28:21.620290Z  INFO scan_sources: tailwindcss_oxide::scanner: Discovering "/Users/lucas/Documents/Comp Sci Stuff/WDCCxSESA-hackathon-25/src/app/api/quests/route.js"
2025-08-03T01:28:21.620316Z  INFO scan_sources: tailwindcss_oxide::scanner: Discovering "/Users/lucas/Documents/Comp Sci Stuff/WDCCxSESA-hackathon-25/src/app/api/quests/[id]"
2025-08-03T01:28:21.620361Z  INFO scan_sources: tailwindcss_oxide::scanner: Discovering "/Users/lucas/Documents/Comp Sci Stuff/WDCCxSESA-hackathon-25/src/app/api/quests/[id]/route.ts"
2025-08-03T01:28:21.620403Z  INFO scan_sources: tailwindcss_oxide::scanner: Discovering "/Users/lucas/Documents/Comp Sci Stuff/WDCCxSESA-hackathon-25/src/app/api/posts"
2025-08-03T01:28:21.620433Z  INFO scan_sources: tailwindcss_oxide::scanner: Discovering "/Users/lucas/Documents/Comp Sci Stuff/WDCCxSESA-hackathon-25/src/app/api/posts/route.js"
2025-08-03T01:28:21.620463Z  INFO scan_sources: tailwindcss_oxide::scanner: Discovering "/Users/lucas/Documents/Comp Sci Stuff/WDCCxSESA-hackathon-25/src/app/api/shopItems"
2025-08-03T01:28:21.620492Z  INFO scan_sources: tailwindcss_oxide::scanner: Discovering "/Users/lucas/Documents/Comp Sci Stuff/WDCCxSESA-hackathon-25/src/app/api/shopItems/route.js"
2025-08-03T01:28:21.620526Z  INFO scan_sources: tailwindcss_oxide::scanner: Discovering "/Users/lucas/Documents/Comp Sci Stuff/WDCCxSESA-hackathon-25/src/app/data"
2025-08-03T01:28:21.620550Z  INFO scan_sources: tailwindcss_oxide::scanner: Discovering "/Users/lucas/Documents/Comp Sci Stuff/WDCCxSESA-hackathon-25/src/app/data/exampleQuestions.ts"
2025-08-03T01:28:21.620560Z  INFO scan_sources: tailwindcss_oxide::scanner: Discovering "/Users/lucas/Documents/Comp Sci Stuff/WDCCxSESA-hackathon-25/src/app/data/QuestList.ts"
2025-08-03T01:28:21.620579Z  INFO scan_sources: tailwindcss_oxide::scanner: Discovering "/Users/lucas/Documents/Comp Sci Stuff/WDCCxSESA-hackathon-25/src/app/Kids"
2025-08-03T01:28:21.620607Z  INFO scan_sources: tailwindcss_oxide::scanner: Discovering "/Users/lucas/Documents/Comp Sci Stuff/WDCCxSESA-hackathon-25/src/app/Kids/HomePage"
2025-08-03T01:28:21.620627Z  INFO scan_sources: tailwindcss_oxide::scanner: Discovering "/Users/lucas/Documents/Comp Sci Stuff/WDCCxSESA-hackathon-25/src/app/Kids/HomePage/page.tsx"
2025-08-03T01:28:21.620653Z  INFO scan_sources: tailwindcss_oxide::scanner: Discovering "/Users/lucas/Documents/Comp Sci Stuff/WDCCxSESA-hackathon-25/src/app/Kids/ShopPage"
2025-08-03T01:28:21.620675Z  INFO scan_sources: tailwindcss_oxide::scanner: Discovering "/Users/lucas/Documents/Comp Sci Stuff/WDCCxSESA-hackathon-25/src/app/Kids/ShopPage/page.tsx"
2025-08-03T01:28:21.620713Z  INFO scan_sources: tailwindcss_oxide::scanner: Discovering "/Users/lucas/Documents/Comp Sci Stuff/WDCCxSESA-hackathon-25/src/app/Kids/QuestPage"
2025-08-03T01:28:21.620739Z  INFO scan_sources: tailwindcss_oxide::scanner: Discovering "/Users/lucas/Documents/Comp Sci Stuff/WDCCxSESA-hackathon-25/src/app/Kids/QuestPage/page.tsx"
2025-08-03T01:28:21.620752Z  INFO scan_sources: tailwindcss_oxide::scanner: Discovering "/Users/lucas/Documents/Comp Sci Stuff/WDCCxSESA-hackathon-25/src/app/Kids/layout.tsx"
2025-08-03T01:28:21.620778Z  INFO scan_sources: tailwindcss_oxide::scanner: Discovering "/Users/lucas/Documents/Comp Sci Stuff/WDCCxSESA-hackathon-25/src/app/Kids/ProfilePage"
2025-08-03T01:28:21.620800Z  INFO scan_sources: tailwindcss_oxide::scanner: Discovering "/Users/lucas/Documents/Comp Sci Stuff/WDCCxSESA-hackathon-25/src/app/Kids/ProfilePage/page.tsx"
2025-08-03T01:28:21.620820Z  INFO scan_sources: tailwindcss_oxide::scanner: Discovering "/Users/lucas/Documents/Comp Sci Stuff/WDCCxSESA-hackathon-25/src/app/globals.css"
2025-08-03T01:28:21.620848Z  INFO scan_sources: tailwindcss_oxide::scanner: Discovering "/Users/lucas/Documents/Comp Sci Stuff/WDCCxSESA-hackathon-25/src/app/Login"
2025-08-03T01:28:21.620877Z  INFO scan_sources: tailwindcss_oxide::scanner: Discovering "/Users/lucas/Documents/Comp Sci Stuff/WDCCxSESA-hackathon-25/src/app/Login/layout.tsx"
2025-08-03T01:28:21.620889Z  INFO scan_sources: tailwindcss_oxide::scanner: Discovering "/Users/lucas/Documents/Comp Sci Stuff/WDCCxSESA-hackathon-25/src/app/Login/page.tsx"
2025-08-03T01:28:21.620966Z  INFO scan_sources: tailwindcss_oxide::scanner: exit
2025-08-03T01:28:21.620974Z  INFO extract_candidates: tailwindcss_oxide::scanner: enter
2025-08-03T01:28:21.620978Z  INFO extract_candidates:read_all_files: tailwindcss_oxide::scanner: enter
2025-08-03T01:28:21.620982Z  INFO extract_candidates:read_all_files: tailwindcss_oxide::scanner: Reading 47 file(s)
2025-08-03T01:28:21.621286Z  INFO tailwindcss_oxide::scanner: Reading "/Users/lucas/Documents/Comp Sci Stuff/WDCCxSESA-hackathon-25/postcss.config.mjs"
2025-08-03T01:28:21.621316Z  INFO tailwindcss_oxide::scanner: Reading "/Users/lucas/Documents/Comp Sci Stuff/WDCCxSESA-hackathon-25/src/app/Components/NotificationContainer.tsx"
2025-08-03T01:28:21.621317Z  INFO tailwindcss_oxide::scanner: Reading "/Users/lucas/Documents/Comp Sci Stuff/WDCCxSESA-hackathon-25/src/app/Components/KidsNavbar.tsx"
2025-08-03T01:28:21.621408Z  INFO tailwindcss_oxide::scanner: Reading "/Users/lucas/Documents/Comp Sci Stuff/WDCCxSESA-hackathon-25/src/app/Components/exampleComponent.tsx"
2025-08-03T01:28:21.621427Z  INFO tailwindcss_oxide::scanner: Reading "/Users/lucas/Documents/Comp Sci Stuff/WDCCxSESA-hackathon-25/src/app/api/quests/[id]/route.ts"
2025-08-03T01:28:21.621441Z  INFO tailwindcss_oxide::scanner: Reading "/Users/lucas/Documents/Comp Sci Stuff/WDCCxSESA-hackathon-25/src/app/Components/ShopStateContext.tsx"
2025-08-03T01:28:21.621456Z  INFO tailwindcss_oxide::scanner: Reading "/Users/lucas/Documents/Comp Sci Stuff/WDCCxSESA-hackathon-25/src/app/Components/ConditionalLayout.tsx"
2025-08-03T01:28:21.621445Z  INFO tailwindcss_oxide::scanner: Reading "/Users/lucas/Documents/Comp Sci Stuff/WDCCxSESA-hackathon-25/src/app/Components/Notification.tsx"
2025-08-03T01:28:21.621475Z  INFO tailwindcss_oxide::scanner: Reading "/Users/lucas/Documents/Comp Sci Stuff/WDCCxSESA-hackathon-25/src/app/Kids/ShopPage/page.tsx"
2025-08-03T01:28:21.621517Z  INFO tailwindcss_oxide::scanner: Reading "/Users/lucas/Documents/Comp Sci Stuff/WDCCxSESA-hackathon-25/src/app/Components/LoginKids.tsx"
2025-08-03T01:28:21.621547Z  INFO tailwindcss_oxide::scanner: Reading "/Users/lucas/Documents/Comp Sci Stuff/WDCCxSESA-hackathon-25/db.js"
2025-08-03T01:28:21.621561Z  INFO tailwindcss_oxide::scanner: Reading "/Users/lucas/Documents/Comp Sci Stuff/WDCCxSESA-hackathon-25/src/app/Components/ParentUserProfile.tsx"
2025-08-03T01:28:21.621632Z  INFO tailwindcss_oxide::scanner: Reading "/Users/lucas/Documents/Comp Sci Stuff/WDCCxSESA-hackathon-25/pnpm-workspace.yaml"
2025-08-03T01:28:21.622247Z  INFO tailwindcss_oxide::scanner: Reading "/Users/lucas/Documents/Comp Sci Stuff/WDCCxSESA-hackathon-25/src/app/data/exampleQuestions.ts"
2025-08-03T01:28:21.622268Z  INFO tailwindcss_oxide::scanner: Reading "/Users/lucas/Documents/Comp Sci Stuff/WDCCxSESA-hackathon-25/models/Quests.js"
2025-08-03T01:28:21.622270Z  INFO tailwindcss_oxide::scanner: Reading "/Users/lucas/Documents/Comp Sci Stuff/WDCCxSESA-hackathon-25/src/app/Components/ShopItemContainer.tsx"
2025-08-03T01:28:21.622306Z  INFO tailwindcss_oxide::scanner: Reading "/Users/lucas/Documents/Comp Sci Stuff/WDCCxSESA-hackathon-25/src/app/Components/ParentHeader.tsx"
2025-08-03T01:28:21.622246Z  INFO tailwindcss_oxide::scanner: Reading "/Users/lucas/Documents/Comp Sci Stuff/WDCCxSESA-hackathon-25/src/app/Kids/QuestPage/page.tsx"
2025-08-03T01:28:21.622400Z  INFO tailwindcss_oxide::scanner: Reading "/Users/lucas/Documents/Comp Sci Stuff/WDCCxSESA-hackathon-25/models/ShopItem.js"
2025-08-03T01:28:21.622423Z  INFO tailwindcss_oxide::scanner: Reading "/Users/lucas/Documents/Comp Sci Stuff/WDCCxSESA-hackathon-25/src/app/Components/QuestContainer.tsx"
2025-08-03T01:28:21.622329Z  INFO tailwindcss_oxide::scanner: Reading "/Users/lucas/Documents/Comp Sci Stuff/WDCCxSESA-hackathon-25/src/app/Parents/HomePage/page.tsx"
2025-08-03T01:28:21.622374Z  INFO tailwindcss_oxide::scanner: Reading "/Users/lucas/Documents/Comp Sci Stuff/WDCCxSESA-hackathon-25/src/app/data/QuestList.ts"
2025-08-03T01:28:21.622429Z  INFO tailwindcss_oxide::scanner: Reading "/Users/lucas/Documents/Comp Sci Stuff/WDCCxSESA-hackathon-25/src/app/Kids/layout.tsx"
2025-08-03T01:28:21.622461Z  INFO tailwindcss_oxide::scanner: Reading "/Users/lucas/Documents/Comp Sci Stuff/WDCCxSESA-hackathon-25/src/app/Components/KidsHeader.tsx"
2025-08-03T01:28:21.622404Z  INFO tailwindcss_oxide::scanner: Reading "/Users/lucas/Documents/Comp Sci Stuff/WDCCxSESA-hackathon-25/src/app/Components/QuestItem.tsx"
2025-08-03T01:28:21.622494Z  INFO tailwindcss_oxide::scanner: Reading "/Users/lucas/Documents/Comp Sci Stuff/WDCCxSESA-hackathon-25/src/app/Kids/HomePage/page.tsx"
2025-08-03T01:28:21.622574Z  INFO tailwindcss_oxide::scanner: Reading "/Users/lucas/Documents/Comp Sci Stuff/WDCCxSESA-hackathon-25/src/app/Components/UserProfile.tsx"
2025-08-03T01:28:21.622576Z  INFO tailwindcss_oxide::scanner: Reading "/Users/lucas/Documents/Comp Sci Stuff/WDCCxSESA-hackathon-25/src/app/Parents/ShopPage/page.tsx"
2025-08-03T01:28:21.622577Z  INFO tailwindcss_oxide::scanner: Reading "/Users/lucas/Documents/Comp Sci Stuff/WDCCxSESA-hackathon-25/models/Post.js"
2025-08-03T01:28:21.622632Z  INFO tailwindcss_oxide::scanner: Reading "/Users/lucas/Documents/Comp Sci Stuff/WDCCxSESA-hackathon-25/src/app/Components/ParentShopItem.tsx"
2025-08-03T01:28:21.622611Z  INFO tailwindcss_oxide::scanner: Reading "/Users/lucas/Documents/Comp Sci Stuff/WDCCxSESA-hackathon-25/src/app/Kids/ProfilePage/page.tsx"
2025-08-03T01:28:21.622623Z  INFO tailwindcss_oxide::scanner: Reading "/Users/lucas/Documents/Comp Sci Stuff/WDCCxSESA-hackathon-25/src/app/Login/layout.tsx"
2025-08-03T01:28:21.622657Z  INFO tailwindcss_oxide::scanner: Reading "/Users/lucas/Documents/Comp Sci Stuff/WDCCxSESA-hackathon-25/src/app/api/quests/route.js"
2025-08-03T01:28:21.622701Z  INFO tailwindcss_oxide::scanner: Reading "/Users/lucas/Documents/Comp Sci Stuff/WDCCxSESA-hackathon-25/src/app/Components/ParentNavbar.tsx"
2025-08-03T01:28:21.622703Z  INFO tailwindcss_oxide::scanner: Reading "/Users/lucas/Documents/Comp Sci Stuff/WDCCxSESA-hackathon-25/src/app/Parents/QuestPage/page.tsx"
2025-08-03T01:28:21.622868Z  INFO tailwindcss_oxide::scanner: Reading "/Users/lucas/Documents/Comp Sci Stuff/WDCCxSESA-hackathon-25/tsconfig.json"
2025-08-03T01:28:21.622886Z  INFO tailwindcss_oxide::scanner: Reading "/Users/lucas/Documents/Comp Sci Stuff/WDCCxSESA-hackathon-25/src/app/Login/page.tsx"
2025-08-03T01:28:21.622898Z  INFO tailwindcss_oxide::scanner: Reading "/Users/lucas/Documents/Comp Sci Stuff/WDCCxSESA-hackathon-25/models/Parents.js"
2025-08-03T01:28:21.622933Z  INFO tailwindcss_oxide::scanner: Reading "/Users/lucas/Documents/Comp Sci Stuff/WDCCxSESA-hackathon-25/src/app/api/shopItems/route.js"
2025-08-03T01:28:21.622915Z  INFO tailwindcss_oxide::scanner: Reading "/Users/lucas/Documents/Comp Sci Stuff/WDCCxSESA-hackathon-25/package.json"
2025-08-03T01:28:21.622977Z  INFO tailwindcss_oxide::scanner: Reading "/Users/lucas/Documents/Comp Sci Stuff/WDCCxSESA-hackathon-25/src/app/Components/KidItem.tsx"
2025-08-03T01:28:21.623008Z  INFO tailwindcss_oxide::scanner: Reading "/Users/lucas/Documents/Comp Sci Stuff/WDCCxSESA-hackathon-25/src/app/Parents/layout.tsx"
2025-08-03T01:28:21.623060Z  INFO tailwindcss_oxide::scanner: Reading "/Users/lucas/Documents/Comp Sci Stuff/WDCCxSESA-hackathon-25/README.md"
2025-08-03T01:28:21.623072Z  INFO tailwindcss_oxide::scanner: Reading "/Users/lucas/Documents/Comp Sci Stuff/WDCCxSESA-hackathon-25/eslint.config.mjs"
2025-08-03T01:28:21.623094Z  INFO tailwindcss_oxide::scanner: Reading "/Users/lucas/Documents/Comp Sci Stuff/WDCCxSESA-hackathon-25/src/app/Parents/ProfilePage/page.tsx"
2025-08-03T01:28:21.623113Z  INFO tailwindcss_oxide::scanner: Reading "/Users/lucas/Documents/Comp Sci Stuff/WDCCxSESA-hackathon-25/next.config.ts"
2025-08-03T01:28:30.655864Z  INFO tailwindcss_oxide::scanner: Reading "/Users/lucas/Documents/Comp Sci Stuff/WDCCxSESA-hackathon-25/src/app/api/posts/route.js"
2025-08-03T01:28:30.656450Z  INFO extract_candidates:read_all_files: tailwindcss_oxide::scanner: exit
2025-08-03T01:28:30.656511Z  INFO extract_candidates:parse_all_blobs: tailwindcss_oxide::scanner: enter
2025-08-03T01:28:30.656529Z  INFO extract_candidates:parse_all_blobs:extract: tailwindcss_oxide::scanner: enter
2025-08-03T01:28:30.665628Z  INFO extract_candidates:parse_all_blobs:extract: tailwindcss_oxide::scanner: exit
2025-08-03T01:28:30.665814Z  INFO extract_candidates:parse_all_blobs: tailwindcss_oxide::scanner: exit
2025-08-03T01:28:30.665833Z  INFO extract_candidates:read_all_files: tailwindcss_oxide::scanner: enter
2025-08-03T01:28:30.665845Z  INFO extract_candidates:read_all_files: tailwindcss_oxide::scanner: Reading 1 file(s)
2025-08-03T01:28:30.665910Z  INFO extract_candidates:read_all_files: tailwindcss_oxide::scanner: Reading "/Users/lucas/Documents/Comp Sci Stuff/WDCCxSESA-hackathon-25/src/app/globals.css"
2025-08-03T01:28:30.665931Z  INFO extract_candidates:read_all_files: tailwindcss_oxide::scanner: exit
2025-08-03T01:28:30.665946Z  INFO extract_candidates:extract_css_variables: tailwindcss_oxide::scanner: enter
2025-08-03T01:28:30.665957Z  INFO extract_candidates:extract_css_variables:extract: tailwindcss_oxide::scanner: enter
2025-08-03T01:28:30.666124Z  INFO extract_candidates:extract_css_variables:extract: tailwindcss_oxide::scanner: exit
2025-08-03T01:28:30.666139Z  INFO extract_candidates:extract_css_variables: tailwindcss_oxide::scanner: exit
2025-08-03T01:28:30.666758Z  INFO extract_candidates: tailwindcss_oxide::scanner: exit
2025-08-03T01:28:30.668184Z  INFO get_files: tailwindcss_oxide::scanner: enter
2025-08-03T01:28:30.668207Z  INFO get_files:scan_sources: tailwindcss_oxide::scanner: enter
2025-08-03T01:28:30.669266Z  INFO get_files:scan_sources: tailwindcss_oxide::scanner: Discovering "/Users/lucas/Documents/Comp Sci Stuff/WDCCxSESA-hackathon-25/models"
2025-08-03T01:28:30.669481Z  INFO get_files:scan_sources: tailwindcss_oxide::scanner: Discovering "/Users/lucas/Documents/Comp Sci Stuff/WDCCxSESA-hackathon-25/public"
2025-08-03T01:28:30.669569Z  INFO get_files:scan_sources: tailwindcss_oxide::scanner: Discovering "/Users/lucas/Documents/Comp Sci Stuff/WDCCxSESA-hackathon-25/public/assets"
2025-08-03T01:28:30.670386Z  INFO get_files:scan_sources: tailwindcss_oxide::scanner: Discovering "/Users/lucas/Documents/Comp Sci Stuff/WDCCxSESA-hackathon-25/src"
2025-08-03T01:28:30.670450Z  INFO get_files:scan_sources: tailwindcss_oxide::scanner: Discovering "/Users/lucas/Documents/Comp Sci Stuff/WDCCxSESA-hackathon-25/src/app"
2025-08-03T01:28:30.670563Z  INFO get_files:scan_sources: tailwindcss_oxide::scanner: Discovering "/Users/lucas/Documents/Comp Sci Stuff/WDCCxSESA-hackathon-25/src/app/Parents"
2025-08-03T01:28:30.670649Z  INFO get_files:scan_sources: tailwindcss_oxide::scanner: Discovering "/Users/lucas/Documents/Comp Sci Stuff/WDCCxSESA-hackathon-25/src/app/Parents/HomePage"
2025-08-03T01:28:30.670747Z  INFO get_files:scan_sources: tailwindcss_oxide::scanner: Discovering "/Users/lucas/Documents/Comp Sci Stuff/WDCCxSESA-hackathon-25/src/app/Parents/ShopPage"
2025-08-03T01:28:30.670826Z  INFO get_files:scan_sources: tailwindcss_oxide::scanner: Discovering "/Users/lucas/Documents/Comp Sci Stuff/WDCCxSESA-hackathon-25/src/app/Parents/QuestPage"
2025-08-03T01:28:30.670910Z  INFO get_files:scan_sources: tailwindcss_oxide::scanner: Discovering "/Users/lucas/Documents/Comp Sci Stuff/WDCCxSESA-hackathon-25/src/app/Parents/ProfilePage"
2025-08-03T01:28:30.671418Z  INFO get_files:scan_sources: tailwindcss_oxide::scanner: Discovering "/Users/lucas/Documents/Comp Sci Stuff/WDCCxSESA-hackathon-25/src/app/Components"
2025-08-03T01:28:30.671979Z  INFO get_files:scan_sources: tailwindcss_oxide::scanner: Discovering "/Users/lucas/Documents/Comp Sci Stuff/WDCCxSESA-hackathon-25/src/app/api"
2025-08-03T01:28:30.672103Z  INFO get_files:scan_sources: tailwindcss_oxide::scanner: Discovering "/Users/lucas/Documents/Comp Sci Stuff/WDCCxSESA-hackathon-25/src/app/api/quests"
2025-08-03T01:28:30.672362Z  INFO get_files:scan_sources: tailwindcss_oxide::scanner: Discovering "/Users/lucas/Documents/Comp Sci Stuff/WDCCxSESA-hackathon-25/src/app/api/quests/[id]"
2025-08-03T01:28:30.672457Z  INFO get_files:scan_sources: tailwindcss_oxide::scanner: Discovering "/Users/lucas/Documents/Comp Sci Stuff/WDCCxSESA-hackathon-25/src/app/api/posts"
2025-08-03T01:28:30.672534Z  INFO get_files:scan_sources: tailwindcss_oxide::scanner: Discovering "/Users/lucas/Documents/Comp Sci Stuff/WDCCxSESA-hackathon-25/src/app/api/posts/route.js"
2025-08-03T01:28:30.672607Z  INFO get_files:scan_sources: tailwindcss_oxide::scanner: Discovering "/Users/lucas/Documents/Comp Sci Stuff/WDCCxSESA-hackathon-25/src/app/api/shopItems"
2025-08-03T01:28:30.672693Z  INFO get_files:scan_sources: tailwindcss_oxide::scanner: Discovering "/Users/lucas/Documents/Comp Sci Stuff/WDCCxSESA-hackathon-25/src/app/data"
2025-08-03T01:28:30.672789Z  INFO get_files:scan_sources: tailwindcss_oxide::scanner: Discovering "/Users/lucas/Documents/Comp Sci Stuff/WDCCxSESA-hackathon-25/src/app/Kids"
2025-08-03T01:28:30.672886Z  INFO get_files:scan_sources: tailwindcss_oxide::scanner: Discovering "/Users/lucas/Documents/Comp Sci Stuff/WDCCxSESA-hackathon-25/src/app/Kids/HomePage"
2025-08-03T01:28:30.672986Z  INFO get_files:scan_sources: tailwindcss_oxide::scanner: Discovering "/Users/lucas/Documents/Comp Sci Stuff/WDCCxSESA-hackathon-25/src/app/Kids/ShopPage"
2025-08-03T01:28:30.673119Z  INFO get_files:scan_sources: tailwindcss_oxide::scanner: Discovering "/Users/lucas/Documents/Comp Sci Stuff/WDCCxSESA-hackathon-25/src/app/Kids/QuestPage"
2025-08-03T01:28:30.673273Z  INFO get_files:scan_sources: tailwindcss_oxide::scanner: Discovering "/Users/lucas/Documents/Comp Sci Stuff/WDCCxSESA-hackathon-25/src/app/Kids/ProfilePage"
2025-08-03T01:28:30.673390Z  INFO get_files:scan_sources: tailwindcss_oxide::scanner: Discovering "/Users/lucas/Documents/Comp Sci Stuff/WDCCxSESA-hackathon-25/src/app/Login"
2025-08-03T01:28:30.673545Z  INFO get_files:scan_sources: tailwindcss_oxide::scanner: exit
2025-08-03T01:28:30.673736Z  INFO get_files: tailwindcss_oxide::scanner: exit
2025-08-03T01:28:30.674016Z  INFO get_globs: tailwindcss_oxide::scanner: enter
2025-08-03T01:28:30.674027Z  INFO get_globs:scan_sources: tailwindcss_oxide::scanner: enter
2025-08-03T01:28:30.674926Z  INFO get_globs:scan_sources: tailwindcss_oxide::scanner: Discovering "/Users/lucas/Documents/Comp Sci Stuff/WDCCxSESA-hackathon-25/models"
2025-08-03T01:28:30.675189Z  INFO get_globs:scan_sources: tailwindcss_oxide::scanner: Discovering "/Users/lucas/Documents/Comp Sci Stuff/WDCCxSESA-hackathon-25/public"
2025-08-03T01:28:30.675266Z  INFO get_globs:scan_sources: tailwindcss_oxide::scanner: Discovering "/Users/lucas/Documents/Comp Sci Stuff/WDCCxSESA-hackathon-25/public/assets"
2025-08-03T01:28:30.675539Z  INFO get_globs:scan_sources: tailwindcss_oxide::scanner: Discovering "/Users/lucas/Documents/Comp Sci Stuff/WDCCxSESA-hackathon-25/src"
2025-08-03T01:28:30.675614Z  INFO get_globs:scan_sources: tailwindcss_oxide::scanner: Discovering "/Users/lucas/Documents/Comp Sci Stuff/WDCCxSESA-hackathon-25/src/app"
2025-08-03T01:28:30.675687Z  INFO get_globs:scan_sources: tailwindcss_oxide::scanner: Discovering "/Users/lucas/Documents/Comp Sci Stuff/WDCCxSESA-hackathon-25/src/app/Parents"
2025-08-03T01:28:30.675771Z  INFO get_globs:scan_sources: tailwindcss_oxide::scanner: Discovering "/Users/lucas/Documents/Comp Sci Stuff/WDCCxSESA-hackathon-25/src/app/Parents/HomePage"
2025-08-03T01:28:30.675862Z  INFO get_globs:scan_sources: tailwindcss_oxide::scanner: Discovering "/Users/lucas/Documents/Comp Sci Stuff/WDCCxSESA-hackathon-25/src/app/Parents/ShopPage"
2025-08-03T01:28:30.675962Z  INFO get_globs:scan_sources: tailwindcss_oxide::scanner: Discovering "/Users/lucas/Documents/Comp Sci Stuff/WDCCxSESA-hackathon-25/src/app/Parents/QuestPage"
2025-08-03T01:28:30.676050Z  INFO get_globs:scan_sources: tailwindcss_oxide::scanner: Discovering "/Users/lucas/Documents/Comp Sci Stuff/WDCCxSESA-hackathon-25/src/app/Parents/ProfilePage"
2025-08-03T01:28:30.676133Z  INFO get_globs:scan_sources: tailwindcss_oxide::scanner: Discovering "/Users/lucas/Documents/Comp Sci Stuff/WDCCxSESA-hackathon-25/src/app/Components"
2025-08-03T01:28:30.676404Z  INFO get_globs:scan_sources: tailwindcss_oxide::scanner: Discovering "/Users/lucas/Documents/Comp Sci Stuff/WDCCxSESA-hackathon-25/src/app/api"
2025-08-03T01:28:30.676481Z  INFO get_globs:scan_sources: tailwindcss_oxide::scanner: Discovering "/Users/lucas/Documents/Comp Sci Stuff/WDCCxSESA-hackathon-25/src/app/api/quests"
2025-08-03T01:28:30.676559Z  INFO get_globs:scan_sources: tailwindcss_oxide::scanner: Discovering "/Users/lucas/Documents/Comp Sci Stuff/WDCCxSESA-hackathon-25/src/app/api/quests/[id]"
2025-08-03T01:28:30.676646Z  INFO get_globs:scan_sources: tailwindcss_oxide::scanner: Discovering "/Users/lucas/Documents/Comp Sci Stuff/WDCCxSESA-hackathon-25/src/app/api/posts"
2025-08-03T01:28:30.676735Z  INFO get_globs:scan_sources: tailwindcss_oxide::scanner: Discovering "/Users/lucas/Documents/Comp Sci Stuff/WDCCxSESA-hackathon-25/src/app/api/shopItems"
2025-08-03T01:28:30.676818Z  INFO get_globs:scan_sources: tailwindcss_oxide::scanner: Discovering "/Users/lucas/Documents/Comp Sci Stuff/WDCCxSESA-hackathon-25/src/app/data"
2025-08-03T01:28:30.676912Z  INFO get_globs:scan_sources: tailwindcss_oxide::scanner: Discovering "/Users/lucas/Documents/Comp Sci Stuff/WDCCxSESA-hackathon-25/src/app/Kids"
2025-08-03T01:28:30.676987Z  INFO get_globs:scan_sources: tailwindcss_oxide::scanner: Discovering "/Users/lucas/Documents/Comp Sci Stuff/WDCCxSESA-hackathon-25/src/app/Kids/HomePage"
2025-08-03T01:28:30.677088Z  INFO get_globs:scan_sources: tailwindcss_oxide::scanner: Discovering "/Users/lucas/Documents/Comp Sci Stuff/WDCCxSESA-hackathon-25/src/app/Kids/ShopPage"
2025-08-03T01:28:30.677182Z  INFO get_globs:scan_sources: tailwindcss_oxide::scanner: Discovering "/Users/lucas/Documents/Comp Sci Stuff/WDCCxSESA-hackathon-25/src/app/Kids/QuestPage"
2025-08-03T01:28:30.677264Z  INFO get_globs:scan_sources: tailwindcss_oxide::scanner: Discovering "/Users/lucas/Documents/Comp Sci Stuff/WDCCxSESA-hackathon-25/src/app/Kids/ProfilePage"
2025-08-03T01:28:30.678337Z  INFO get_globs:scan_sources: tailwindcss_oxide::scanner: Discovering "/Users/lucas/Documents/Comp Sci Stuff/WDCCxSESA-hackathon-25/src/app/Login"
2025-08-03T01:28:30.678448Z  INFO get_globs:scan_sources: tailwindcss_oxide::scanner: exit
2025-08-03T01:28:30.680209Z  INFO get_globs: tailwindcss_oxide::scanner: exit
